<?xml version="1.0" encoding="UTF-8"?>
<testng-results skipped="0" failed="0" ignored="0" total="1" passed="1">
  <reporter-output>
  </reporter-output>
  <suite name="Default suite" duration-ms="82293" started-at="2019-01-13T17:45:43Z" finished-at="2019-01-13T17:47:06Z">
    <groups>
    </groups>
    <test name="Default test" duration-ms="82293" started-at="2019-01-13T17:45:43Z" finished-at="2019-01-13T17:47:06Z">
      <class name="com.qa.test.GetAPITest">
        <test-method status="PASS" signature="setUp()[pri:0, instance:com.qa.test.GetAPITest@22a637e7]" name="setUp" is-config="true" duration-ms="8" started-at="2019-01-13T23:15:43Z" finished-at="2019-01-13T23:15:43Z">
          <reporter-output>
          </reporter-output>
        </test-method> <!-- setUp -->
        <test-method status="PASS" signature="getAPITest()[pri:0, instance:com.qa.test.GetAPITest@22a637e7]" name="getAPITest" duration-ms="82255" started-at="2019-01-13T23:15:43Z" finished-at="2019-01-13T23:17:06Z">
          <reporter-output>
          </reporter-output>
        </test-method> <!-- getAPITest -->
      </class> <!-- com.qa.test.GetAPITest -->
    </test> <!-- Default test -->
  </suite> <!-- Default suite -->
</testng-results>
